<?xml version="1.0" encoding="UTF-8"?>
<robot generator="Robot 3.2.2 (Python 3.9.1 on win32)" generated="20210125 16:33:13.417" rpa="false">
<suite id="s1" name="Amazon" source="C:\robotics\robot_workspace\Amazon">
<suite id="s1-s1" name="ProductSuite" source="C:\robotics\robot_workspace\Amazon\ProductSuite">
<suite id="s1-s1-s1" name="Verify add product" source="C:\robotics\robot_workspace\Amazon\ProductSuite\Verify_add_product.robot">
<test id="s1-s1-s1-t1" name="TC1_Valid">
<kw name="Launch Browser" library="common_functionality" type="setup">
<kw name="Append To Environment Variable" library="OperatingSystem">
<doc>Appends given ``values`` to environment variable ``name``.</doc>
<arguments>
<arg>Path</arg>
<arg>${OUTPUT_DIR}${/}driver</arg>
</arguments>
<msg timestamp="20210125 16:33:13.887" level="INFO">Environment variable 'Path' set to value 'C:/Users/CTEA/.p2/pool/plugins/org.eclipse.justj.openjdk.hotspot.jre.full.win32.x86_64_15.0.1.v20201027-0507/jre/bin/server;C:/Users/CTEA/.p2/pool/plugins/org.eclipse.justj.openjdk.hotspot.jre.full.win32.x86_64_15.0.1.v20201027-0507/jre/bin;C:\WINDOWS\system32;C:\WINDOWS;C:\WINDOWS\System32\Wbem;C:\WINDOWS\System32\WindowsPowerShell\v1.0\;C:\Python;C:\Python\Scripts;C:\xampp\mysql\bin;C:\WINDOWS\System32\OpenSSH\;C:\Program Files\mingw-w64\x86_64-8.1.0-posix-seh-rt_v6-rev0\mingw64\bin;C:\Program Files (x86)\Groovy\bin;C:\Program Files (x86)\Groovy\bin;C:\Program Files\Java\jdk1.8.0_271\bin;C:\Program Files\Git\cmd;C:\Users\CTEA\AppData\Local\Android\Sdk\platform-tools;C:\Program Files\nodejs\;C:\Users\CTEA\AppData\Local\Programs\Microsoft VS Code\bin;C:\Users\CTEA\AppData\Local\Microsoft\WindowsApps;C:\Users\CTEA\Desktop\robotics\geckodriver-v0.28.0-win32;C:\Users\CTEA\AppData\Roaming\npm;C:\Users\CTEA\Desktop;;C:\robotics\robot_workspace\Amazon\driver'.</msg>
<status status="PASS" starttime="20210125 16:33:13.886" endtime="20210125 16:33:13.887"></status>
</kw>
<kw name="Open Browser" library="SeleniumLibrary">
<doc>Opens a new browser instance to the optional ``url``.</doc>
<arguments>
<arg>browser=${BROWSER_NAME}</arg>
</arguments>
<msg timestamp="20210125 16:33:13.888" level="INFO">Opening browser 'chrome' to base url 'None'.</msg>
<status status="PASS" starttime="20210125 16:33:13.888" endtime="20210125 16:33:18.243"></status>
</kw>
<kw name="Maximize Browser Window" library="SeleniumLibrary">
<doc>Maximizes current browser window.</doc>
<status status="PASS" starttime="20210125 16:33:18.244" endtime="20210125 16:33:20.472"></status>
</kw>
<kw name="Set Selenium Implicit Wait" library="SeleniumLibrary">
<doc>Sets the implicit wait value used by Selenium.</doc>
<arguments>
<arg>30s</arg>
</arguments>
<status status="PASS" starttime="20210125 16:33:20.472" endtime="20210125 16:33:20.481"></status>
</kw>
<kw name="Go To" library="SeleniumLibrary">
<doc>Navigates the current browser window to the provided ``url``.</doc>
<arguments>
<arg>url=${URL}</arg>
</arguments>
<msg timestamp="20210125 16:33:20.482" level="INFO">Opening url 'https://www.amazon.in/'</msg>
<status status="PASS" starttime="20210125 16:33:20.482" endtime="20210125 16:33:33.747"></status>
</kw>
<kw name="Set Selenium Timeout" library="SeleniumLibrary">
<doc>Sets the timeout that is used by various keywords.</doc>
<arguments>
<arg>40s</arg>
</arguments>
<status status="PASS" starttime="20210125 16:33:33.747" endtime="20210125 16:33:33.866"></status>
</kw>
<status status="PASS" starttime="20210125 16:33:13.885" endtime="20210125 16:33:33.866"></status>
</kw>
<kw name="Click All" library="DashboardPage">
<kw name="Click Element" library="SeleniumLibrary">
<doc>Click the element identified by ``locator``.</doc>
<arguments>
<arg>${ALL_LOCATOR}</arg>
</arguments>
<msg timestamp="20210125 16:33:33.868" level="INFO">Clicking element '(//span[text()='All'])[2]'.</msg>
<status status="PASS" starttime="20210125 16:33:33.867" endtime="20210125 16:33:39.231"></status>
</kw>
<status status="PASS" starttime="20210125 16:33:33.867" endtime="20210125 16:33:39.232"></status>
</kw>
<kw name="Click Sign" library="DashboardPage">
<kw name="Click Element" library="SeleniumLibrary">
<doc>Click the element identified by ``locator``.</doc>
<arguments>
<arg>${SIGN_LOCATOR}</arg>
</arguments>
<msg timestamp="20210125 16:33:39.234" level="INFO">Clicking element '//b[text()='Hello, Sign in']'.</msg>
<status status="PASS" starttime="20210125 16:33:39.233" endtime="20210125 16:33:43.096"></status>
</kw>
<status status="PASS" starttime="20210125 16:33:39.232" endtime="20210125 16:33:43.096"></status>
</kw>
<kw name="Enter Email" library="LoginPage">
<doc>Enter Email 
Examples 
| Enter Email | valli@gmail.com |</doc>
<arguments>
<arg>valli.potlacheruvu@gmail.com</arg>
</arguments>
<kw name="Input Text" library="SeleniumLibrary">
<doc>Types the given ``text`` into the text field identified by ``locator``.</doc>
<arguments>
<arg>${EMAIL_LOCATOR}</arg>
<arg>${email}</arg>
</arguments>
<msg timestamp="20210125 16:33:43.099" level="INFO">Typing text 'valli.potlacheruvu@gmail.com' into text field '//input[@name='email']'.</msg>
<status status="PASS" starttime="20210125 16:33:43.099" endtime="20210125 16:33:45.681"></status>
</kw>
<status status="PASS" starttime="20210125 16:33:43.097" endtime="20210125 16:33:45.682"></status>
</kw>
<kw name="Click Continue" library="LoginPage">
<kw name="Click Element" library="SeleniumLibrary">
<doc>Click the element identified by ``locator``.</doc>
<arguments>
<arg>${CONTINUE_LOCATOR}</arg>
</arguments>
<msg timestamp="20210125 16:33:45.684" level="INFO">Clicking element '//input[@id='continue']'.</msg>
<status status="PASS" starttime="20210125 16:33:45.683" endtime="20210125 16:33:48.455"></status>
</kw>
<status status="PASS" starttime="20210125 16:33:45.682" endtime="20210125 16:33:48.456"></status>
</kw>
<kw name="Enter Password" library="LoginPage">
<arguments>
<arg>bujji2023</arg>
</arguments>
<kw name="Input Password" library="SeleniumLibrary">
<doc>Types the given password into the text field identified by ``locator``.</doc>
<arguments>
<arg>${PASSWORD_LOCATOR}</arg>
<arg>${password}</arg>
</arguments>
<msg timestamp="20210125 16:33:48.458" level="INFO">Typing password into text field '//input[@name="password"]'.</msg>
<msg timestamp="20210125 16:33:48.776" level="INFO">Temporally setting log level to: NONE</msg>
<msg timestamp="20210125 16:33:49.047" level="INFO">Log level changed from NONE to INFO.</msg>
<status status="PASS" starttime="20210125 16:33:48.457" endtime="20210125 16:33:49.048"></status>
</kw>
<status status="PASS" starttime="20210125 16:33:48.456" endtime="20210125 16:33:49.048"></status>
</kw>
<kw name="Click Signin" library="LoginPage">
<kw name="Click Element" library="SeleniumLibrary">
<doc>Click the element identified by ``locator``.</doc>
<arguments>
<arg>${SIGNIN_LOCATOR}</arg>
</arguments>
<msg timestamp="20210125 16:33:49.050" level="INFO">Clicking element '//input[@id='signInSubmit']'.</msg>
<status status="PASS" starttime="20210125 16:33:49.049" endtime="20210125 16:33:49.590"></status>
</kw>
<status status="PASS" starttime="20210125 16:33:49.049" endtime="20210125 16:33:49.590"></status>
</kw>
<kw name="Enter ProductName" library="DashboardPage">
<arguments>
<arg>Vstargallery Soft Cute 3 feet Teddy Bear for Girls/Lover Gift Pink 90 cm Large</arg>
</arguments>
<kw name="Input Text" library="SeleniumLibrary">
<doc>Types the given ``text`` into the text field identified by ``locator``.</doc>
<arguments>
<arg>${SEARCH_LOCATOR}</arg>
<arg>${product_name}</arg>
</arguments>
<msg timestamp="20210125 16:33:49.592" level="INFO">Typing text 'Vstargallery Soft Cute 3 feet Teddy Bear for Girls/Lover Gift Pink 90 cm Large' into text field '//input[@id="twotabsearchtextbox"]'.</msg>
<status status="PASS" starttime="20210125 16:33:49.592" endtime="20210125 16:34:07.927"></status>
</kw>
<status status="PASS" starttime="20210125 16:33:49.591" endtime="20210125 16:34:07.927"></status>
</kw>
<kw name="Click SubmitText" library="DashboardPage">
<kw name="Click Element" library="SeleniumLibrary">
<doc>Click the element identified by ``locator``.</doc>
<arguments>
<arg>${SUBMITTEXT_LOCATOR}</arg>
</arguments>
<msg timestamp="20210125 16:34:07.930" level="INFO">Clicking element '//span[@id="nav-search-submit-text"]'.</msg>
<status status="PASS" starttime="20210125 16:34:07.929" endtime="20210125 16:34:18.527"></status>
</kw>
<status status="PASS" starttime="20210125 16:34:07.928" endtime="20210125 16:34:18.528"></status>
</kw>
<kw name="Click Product" library="Product">
<kw name="Click Element" library="SeleniumLibrary">
<doc>Click the element identified by ``locator``.</doc>
<arguments>
<arg>${CLICKPRODUCT_LOCATOR}</arg>
</arguments>
<msg timestamp="20210125 16:34:18.530" level="INFO">Clicking element '//img[@alt='Vstargallery Soft Cute 3 feet Teddy Bear for Girls/Lover Gift Pink 90 cm Large']'.</msg>
<status status="PASS" starttime="20210125 16:34:18.529" endtime="20210125 16:34:33.803"></status>
</kw>
<status status="PASS" starttime="20210125 16:34:18.528" endtime="20210125 16:34:33.803"></status>
</kw>
<kw name="Get Window Titles" library="SeleniumLibrary">
<doc>Returns and logs titles of all windows of the selected browser.</doc>
<assign>
<var>${titles}</var>
</assign>
<msg timestamp="20210125 16:34:36.303" level="INFO">Altogether 1 item.
1: Buy Vstargallery Soft Cute 3 feet Teddy Bear for Girls/Lover Gift Pink 90 cm Large Online at Low Prices in India - Amazon.in</msg>
<msg timestamp="20210125 16:34:36.304" level="INFO">${titles} = ['Buy Vstargallery Soft Cute 3 feet Teddy Bear for Girls/Lover Gift Pink 90 cm Large Online at Low Prices in India - Amazon.in']</msg>
<status status="PASS" starttime="20210125 16:34:33.804" endtime="20210125 16:34:36.304"></status>
</kw>
<kw name="Log To Console" library="BuiltIn">
<doc>Logs the given message to the console.</doc>
<arguments>
<arg>${titles}</arg>
</arguments>
<status status="PASS" starttime="20210125 16:34:36.304" endtime="20210125 16:34:36.305"></status>
</kw>
<kw name="Get Length" library="BuiltIn">
<doc>Returns and logs the length of the given item as an integer.</doc>
<arguments>
<arg>${titles}</arg>
</arguments>
<assign>
<var>${count}</var>
</assign>
<msg timestamp="20210125 16:34:36.306" level="INFO">Length is 1</msg>
<msg timestamp="20210125 16:34:36.306" level="INFO">${count} = 1</msg>
<status status="PASS" starttime="20210125 16:34:36.305" endtime="20210125 16:34:36.306"></status>
</kw>
<kw name="Log To Console" library="BuiltIn">
<doc>Logs the given message to the console.</doc>
<arguments>
<arg>${count}</arg>
</arguments>
<status status="PASS" starttime="20210125 16:34:36.307" endtime="20210125 16:34:36.307"></status>
</kw>
<kw name="Run Keyword If" library="BuiltIn">
<doc>Runs the given keyword with the given arguments, if ``condition`` is true.</doc>
<arguments>
<arg>${count}&gt;1</arg>
<arg>Switch Window</arg>
<arg>NEW</arg>
</arguments>
<status status="PASS" starttime="20210125 16:34:36.307" endtime="20210125 16:34:36.308"></status>
</kw>
<kw name="Wait" library="Product">
<kw name="Wait Until Page Contains Element" library="SeleniumLibrary">
<doc>Waits until the element ``locator`` appears on the current page.</doc>
<arguments>
<arg>${WAIT_LOCATOR}</arg>
</arguments>
<status status="PASS" starttime="20210125 16:34:36.309" endtime="20210125 16:34:36.771"></status>
</kw>
<status status="PASS" starttime="20210125 16:34:36.308" endtime="20210125 16:34:36.771"></status>
</kw>
<kw name="Click Add To Cart" library="Product">
<kw name="Click Element" library="SeleniumLibrary">
<doc>Click the element identified by ``locator``.</doc>
<arguments>
<arg>${ADDPRODUCT_LOCATOR}</arg>
</arguments>
<msg timestamp="20210125 16:34:36.773" level="INFO">Clicking element '//input[@name="submit.add-to-cart"]'.</msg>
<status status="PASS" starttime="20210125 16:34:36.772" endtime="20210125 16:34:48.723"></status>
</kw>
<status status="PASS" starttime="20210125 16:34:36.772" endtime="20210125 16:34:48.724"></status>
</kw>
<kw name="Click CartIcon" library="Product">
<kw name="Click Element" library="SeleniumLibrary">
<doc>Click the element identified by ``locator``.</doc>
<arguments>
<arg>${CARTICON_LOCATOR}</arg>
</arguments>
<msg timestamp="20210125 16:34:48.725" level="INFO">Clicking element '//div[@id="nav-cart-count-container"]'.</msg>
<status status="PASS" starttime="20210125 16:34:48.725" endtime="20210125 16:35:01.246"></status>
</kw>
<status status="PASS" starttime="20210125 16:34:48.724" endtime="20210125 16:35:01.247"></status>
</kw>
<kw name="Sleep" library="BuiltIn">
<doc>Pauses the test executed for the given time.</doc>
<arguments>
<arg>3s</arg>
</arguments>
<msg timestamp="20210125 16:35:04.251" level="INFO">Slept 3 seconds</msg>
<status status="PASS" starttime="20210125 16:35:01.247" endtime="20210125 16:35:04.251"></status>
</kw>
<kw name="Click Checkout" library="Product">
<kw name="Click Element" library="SeleniumLibrary">
<doc>Click the element identified by ``locator``.</doc>
<arguments>
<arg>${CHECKOUT_LOCATOR}</arg>
</arguments>
<msg timestamp="20210125 16:35:04.253" level="INFO">Clicking element '//input[@name="proceedToRetailCheckout"]'.</msg>
<status status="PASS" starttime="20210125 16:35:04.253" endtime="20210125 16:35:09.898"></status>
</kw>
<status status="PASS" starttime="20210125 16:35:04.252" endtime="20210125 16:35:09.899"></status>
</kw>
<kw name="Click Payment Method" library="PaymentDetails">
<kw name="Click Element" library="SeleniumLibrary">
<doc>Click the element identified by ``locator``.</doc>
<arguments>
<arg>${PAYMENTMETHOD_LOCATOR}</arg>
</arguments>
<msg timestamp="20210125 16:35:09.901" level="INFO">Clicking element '(//span[text()='Pay on Delivery'])[2]'.</msg>
<status status="PASS" starttime="20210125 16:35:09.900" endtime="20210125 16:35:10.500"></status>
</kw>
<status status="PASS" starttime="20210125 16:35:09.899" endtime="20210125 16:35:10.501"></status>
</kw>
<kw name="Sleep" library="BuiltIn">
<doc>Pauses the test executed for the given time.</doc>
<arguments>
<arg>2s</arg>
</arguments>
<msg timestamp="20210125 16:35:12.503" level="INFO">Slept 2 seconds</msg>
<status status="PASS" starttime="20210125 16:35:10.501" endtime="20210125 16:35:12.503"></status>
</kw>
<kw name="Click Continue Payment" library="PaymentDetails">
<kw name="Click Element" library="SeleniumLibrary">
<doc>Click the element identified by ``locator``.</doc>
<arguments>
<arg>${CONTINUEPAYMENT_LOCATOR}</arg>
</arguments>
<msg timestamp="20210125 16:35:12.507" level="INFO">Clicking element '(//input[@class="a-button-input a-button-text"])[4]'.</msg>
<status status="PASS" starttime="20210125 16:35:12.506" endtime="20210125 16:35:12.828"></status>
</kw>
<status status="PASS" starttime="20210125 16:35:12.504" endtime="20210125 16:35:12.829"></status>
</kw>
<kw name="Click Change Address" library="address">
<kw name="Click Element" library="SeleniumLibrary">
<doc>Click the element identified by ``locator``.</doc>
<arguments>
<arg>${CHANGEADDRESS_LOCATOR}</arg>
</arguments>
<msg timestamp="20210125 16:35:12.830" level="INFO">Clicking element '(//a[text()='Change'])[1]'.</msg>
<status status="PASS" starttime="20210125 16:35:12.830" endtime="20210125 16:35:14.571"></status>
</kw>
<status status="PASS" starttime="20210125 16:35:12.829" endtime="20210125 16:35:14.572"></status>
</kw>
<kw name="Sleep" library="BuiltIn">
<doc>Pauses the test executed for the given time.</doc>
<arguments>
<arg>2s</arg>
</arguments>
<msg timestamp="20210125 16:35:16.574" level="INFO">Slept 2 seconds</msg>
<status status="PASS" starttime="20210125 16:35:14.572" endtime="20210125 16:35:16.574"></status>
</kw>
<kw name="Click Add Address" library="address">
<kw name="Click Element" library="SeleniumLibrary">
<doc>Click the element identified by ``locator``.</doc>
<arguments>
<arg>${ADDADDRESS_LOCATOR}</arg>
</arguments>
<msg timestamp="20210125 16:35:16.576" level="INFO">Clicking element '(//a[text()='Add a new shipping address'])'.</msg>
<status status="PASS" starttime="20210125 16:35:16.576" endtime="20210125 16:35:20.014"></status>
</kw>
<status status="PASS" starttime="20210125 16:35:16.575" endtime="20210125 16:35:20.015"></status>
</kw>
<kw name="Enter Name" library="address">
<arguments>
<arg>valli</arg>
</arguments>
<kw name="Input Text" library="SeleniumLibrary">
<doc>Types the given ``text`` into the text field identified by ``locator``.</doc>
<arguments>
<arg>${NAME_LOCATOR}</arg>
<arg>${name}</arg>
</arguments>
<msg timestamp="20210125 16:35:20.017" level="INFO">Typing text 'valli' into text field '//input[@name="address-ui-widgets-enterAddressFullName"]'.</msg>
<status status="PASS" starttime="20210125 16:35:20.016" endtime="20210125 16:35:20.888"></status>
</kw>
<status status="PASS" starttime="20210125 16:35:20.015" endtime="20210125 16:35:20.888"></status>
</kw>
<kw name="Enter Phone_Number" library="address">
<arguments>
<arg>8919644707</arg>
</arguments>
<kw name="Input Text" library="SeleniumLibrary">
<doc>Types the given ``text`` into the text field identified by ``locator``.</doc>
<arguments>
<arg>${PHONENO_LOCATOR}</arg>
<arg>${phoneNo}</arg>
</arguments>
<msg timestamp="20210125 16:35:20.890" level="INFO">Typing text '8919644707' into text field '//input[@name="address-ui-widgets-enterAddressPhoneNumber"]'.</msg>
<status status="PASS" starttime="20210125 16:35:20.889" endtime="20210125 16:35:21.702"></status>
</kw>
<status status="PASS" starttime="20210125 16:35:20.889" endtime="20210125 16:35:21.703"></status>
</kw>
<kw name="Enter Pin" library="address">
<arguments>
<arg>534211</arg>
</arguments>
<kw name="Input Text" library="SeleniumLibrary">
<doc>Types the given ``text`` into the text field identified by ``locator``.</doc>
<arguments>
<arg>${PIN_LOCATOR}</arg>
<arg>${PIN}</arg>
</arguments>
<msg timestamp="20210125 16:35:21.704" level="INFO">Typing text '534211' into text field '//input[@name="address-ui-widgets-enterAddressPostalCode"]'.</msg>
<status status="PASS" starttime="20210125 16:35:21.704" endtime="20210125 16:35:22.198"></status>
</kw>
<status status="PASS" starttime="20210125 16:35:21.703" endtime="20210125 16:35:22.199"></status>
</kw>
<kw name="Enter Address1" library="address">
<arguments>
<arg>narendra center</arg>
</arguments>
<kw name="Input Text" library="SeleniumLibrary">
<doc>Types the given ``text`` into the text field identified by ``locator``.</doc>
<arguments>
<arg>${ADDRESS1_LOCATOR}</arg>
<arg>${address1}</arg>
</arguments>
<msg timestamp="20210125 16:35:22.200" level="INFO">Typing text 'narendra center' into text field '//input[@name="address-ui-widgets-enterAddressLine1"]'.</msg>
<status status="PASS" starttime="20210125 16:35:22.200" endtime="20210125 16:35:22.954"></status>
</kw>
<status status="PASS" starttime="20210125 16:35:22.199" endtime="20210125 16:35:22.955"></status>
</kw>
<kw name="Enter Address2" library="address">
<arguments>
<arg>rudraraju vari street</arg>
</arguments>
<kw name="Input Text" library="SeleniumLibrary">
<doc>Types the given ``text`` into the text field identified by ``locator``.</doc>
<arguments>
<arg>${ADDRESS2_LOCATOR}</arg>
<arg>${address2}</arg>
</arguments>
<msg timestamp="20210125 16:35:22.956" level="INFO">Typing text 'rudraraju vari street' into text field '//input[@name="address-ui-widgets-enterAddressLine2"]'.</msg>
<status status="PASS" starttime="20210125 16:35:22.956" endtime="20210125 16:35:23.987"></status>
</kw>
<status status="PASS" starttime="20210125 16:35:22.955" endtime="20210125 16:35:23.988"></status>
</kw>
<kw name="Enter Landmark" library="address">
<arguments>
<arg>narendra theater</arg>
</arguments>
<kw name="Input Text" library="SeleniumLibrary">
<doc>Types the given ``text`` into the text field identified by ``locator``.</doc>
<arguments>
<arg>${LANDMARK_LOCATOR}</arg>
<arg>${landmark}</arg>
</arguments>
<msg timestamp="20210125 16:35:23.989" level="INFO">Typing text 'narendra theater' into text field '//input[@name="address-ui-widgets-landmark"]'.</msg>
<status status="PASS" starttime="20210125 16:35:23.989" endtime="20210125 16:35:24.859"></status>
</kw>
<status status="PASS" starttime="20210125 16:35:23.988" endtime="20210125 16:35:24.859"></status>
</kw>
<kw name="Enter City" library="address">
<arguments>
<arg>tanuku</arg>
</arguments>
<kw name="Input Text" library="SeleniumLibrary">
<doc>Types the given ``text`` into the text field identified by ``locator``.</doc>
<arguments>
<arg>${CITY_LOCATOR}</arg>
<arg>${city}</arg>
</arguments>
<msg timestamp="20210125 16:35:24.861" level="INFO">Typing text 'tanuku' into text field '//input[@name="address-ui-widgets-enterAddressCity"]'.</msg>
<status status="PASS" starttime="20210125 16:35:24.860" endtime="20210125 16:35:25.623"></status>
</kw>
<status status="PASS" starttime="20210125 16:35:24.859" endtime="20210125 16:35:25.623"></status>
</kw>
<kw name="Click Default" library="address">
<kw name="Click Element" library="SeleniumLibrary">
<doc>Click the element identified by ``locator``.</doc>
<arguments>
<arg>${DEFAULT_LOCATOR}</arg>
</arguments>
<msg timestamp="20210125 16:35:25.625" level="INFO">Clicking element '//input[@name="address-ui-widgets-use-as-my-default"]'.</msg>
<status status="PASS" starttime="20210125 16:35:25.624" endtime="20210125 16:35:25.927"></status>
</kw>
<status status="PASS" starttime="20210125 16:35:25.624" endtime="20210125 16:35:25.928"></status>
</kw>
<kw name="Click Ok" library="address">
<kw name="Click Element" library="SeleniumLibrary">
<doc>Click the element identified by ``locator``.</doc>
<arguments>
<arg>${CLICKOK_LOCATOR}</arg>
</arguments>
<msg timestamp="20210125 16:35:25.929" level="INFO">Clicking element '//input[@class="a-button-input"]'.</msg>
<status status="PASS" starttime="20210125 16:35:25.929" endtime="20210125 16:35:26.233"></status>
</kw>
<status status="PASS" starttime="20210125 16:35:25.928" endtime="20210125 16:35:26.234"></status>
</kw>
<kw name="Get Text" library="SeleniumLibrary">
<doc>Returns the text value of the element identified by ``locator``.</doc>
<arguments>
<arg>//td[@class="a-color-price a-size-medium a-text-right grand-total-price aok-nowrap a-text-bold a-nowrap"]</arg>
</arguments>
<assign>
<var>${text}</var>
</assign>
<msg timestamp="20210125 16:35:30.648" level="INFO">${text} = ₹ 5,902.00</msg>
<status status="PASS" starttime="20210125 16:35:26.234" endtime="20210125 16:35:30.648"></status>
</kw>
<kw name="Log To Console" library="BuiltIn">
<doc>Logs the given message to the console.</doc>
<arguments>
<arg>${text}</arg>
</arguments>
<status status="PASS" starttime="20210125 16:35:30.648" endtime="20210125 16:35:30.649"></status>
</kw>
<kw name="Get Text" library="SeleniumLibrary">
<doc>Returns the text value of the element identified by ``locator``.</doc>
<arguments>
<arg>//strong[text()='Vstargallery Soft Cute 3 feet Teddy Bear for Girls/Lover Gift Pink 90 cm Large']</arg>
</arguments>
<assign>
<var>${product_name}</var>
</assign>
<msg timestamp="20210125 16:35:30.820" level="INFO">${product_name} = Vstargallery Soft Cute 3 feet Teddy Bear for Girls/Lover Gift Pink 90 cm Large</msg>
<status status="PASS" starttime="20210125 16:35:30.650" endtime="20210125 16:35:30.820"></status>
</kw>
<kw name="Log To Console" library="BuiltIn">
<doc>Logs the given message to the console.</doc>
<arguments>
<arg>${product_name}</arg>
</arguments>
<status status="PASS" starttime="20210125 16:35:30.821" endtime="20210125 16:35:30.821"></status>
</kw>
<kw name="End Browser" library="common_functionality" type="teardown">
<kw name="Close Browser" library="SeleniumLibrary">
<doc>Closes the current browser.</doc>
<status status="PASS" starttime="20210125 16:35:30.822" endtime="20210125 16:35:33.734"></status>
</kw>
<status status="PASS" starttime="20210125 16:35:30.822" endtime="20210125 16:35:33.735"></status>
</kw>
<status status="PASS" starttime="20210125 16:33:13.884" endtime="20210125 16:35:33.735" critical="yes"></status>
</test>
<doc>this file contain patient details</doc>
<status status="PASS" starttime="20210125 16:33:13.521" endtime="20210125 16:35:33.736"></status>
</suite>
<status status="PASS" starttime="20210125 16:33:13.516" endtime="20210125 16:35:33.740"></status>
</suite>
<status status="PASS" starttime="20210125 16:33:13.481" endtime="20210125 16:35:33.742"></status>
</suite>
<statistics>
<total>
<stat pass="1" fail="0">Critical Tests</stat>
<stat pass="1" fail="0">All Tests</stat>
</total>
<tag>
</tag>
<suite>
<stat pass="1" fail="0" id="s1" name="Amazon">Amazon</stat>
<stat pass="1" fail="0" id="s1-s1" name="ProductSuite">Amazon.ProductSuite</stat>
<stat pass="1" fail="0" id="s1-s1-s1" name="Verify add product">Amazon.ProductSuite.Verify add product</stat>
</suite>
</statistics>
<errors>
</errors>
</robot>
